0 info it worked if it ends with ok
1 verbose cli [ '/usr/local/bin/node', '/usr/local/bin/npm', 'start' ]
2 info using npm@3.9.5
3 info using node@v6.2.2
4 verbose run-script [ 'prestart', 'start', 'poststart' ]
5 info lifecycle react-router-demo@0.0.1~prestart: react-router-demo@0.0.1
6 verbose lifecycle react-router-demo@0.0.1~prestart: unsafe-perm in lifecycle true
7 verbose lifecycle react-router-demo@0.0.1~prestart: PATH: /usr/local/lib/node_modules/npm/bin/node-gyp-bin:/Users/danfapeng/Desktop/React_EssT/Ch07/07_04/start/node_modules/.bin:/usr/local/bin:/usr/local/bin:/usr/bin:/bin:/usr/sbin:/sbin
8 verbose lifecycle react-router-demo@0.0.1~prestart: CWD: /Users/danfapeng/Desktop/React_EssT/Ch07/07_04/start
9 silly lifecycle react-router-demo@0.0.1~prestart: Args: [ '-c', 'webpack' ]
10 silly lifecycle react-router-demo@0.0.1~prestart: Returned: code: 0  signal: null
11 info lifecycle react-router-demo@0.0.1~start: react-router-demo@0.0.1
12 verbose lifecycle react-router-demo@0.0.1~start: unsafe-perm in lifecycle true
13 verbose lifecycle react-router-demo@0.0.1~start: PATH: /usr/local/lib/node_modules/npm/bin/node-gyp-bin:/Users/danfapeng/Desktop/React_EssT/Ch07/07_04/start/node_modules/.bin:/usr/local/bin:/usr/local/bin:/usr/bin:/bin:/usr/sbin:/sbin
14 verbose lifecycle react-router-demo@0.0.1~start: CWD: /Users/danfapeng/Desktop/React_EssT/Ch07/07_04/start
15 silly lifecycle react-router-demo@0.0.1~start: Args: [ '-c', 'webpack-dev-server' ]
16 info lifecycle react-router-demo@0.0.1~start: Failed to exec start script
17 verbose stack Error: react-router-demo@0.0.1 start: `webpack-dev-server`
17 verbose stack spawn ENOENT
17 verbose stack     at ChildProcess.<anonymous> (/usr/local/lib/node_modules/npm/lib/utils/spawn.js:17:16)
17 verbose stack     at emitTwo (events.js:106:13)
17 verbose stack     at ChildProcess.emit (events.js:191:7)
17 verbose stack     at maybeClose (internal/child_process.js:852:16)
17 verbose stack     at Process.ChildProcess._handle.onexit (internal/child_process.js:215:5)
18 verbose pkgid react-router-demo@0.0.1
19 verbose cwd /Users/danfapeng/Desktop/React_EssT/Ch07/07_04/start
20 error Darwin 15.6.0
21 error argv "/usr/local/bin/node" "/usr/local/bin/npm" "start"
22 error node v6.2.2
23 error npm  v3.9.5
24 error file sh
25 error code ELIFECYCLE
26 error errno ENOENT
27 error syscall spawn
28 error react-router-demo@0.0.1 start: `webpack-dev-server`
28 error spawn ENOENT
29 error Failed at the react-router-demo@0.0.1 start script 'webpack-dev-server'.
29 error Make sure you have the latest version of node.js and npm installed.
29 error If you do, this is most likely a problem with the react-router-demo package,
29 error not with npm itself.
29 error Tell the author that this fails on your system:
29 error     webpack-dev-server
29 error You can get information on how to open an issue for this project with:
29 error     npm bugs react-router-demo
29 error Or if that isn't available, you can get their info via:
29 error     npm owner ls react-router-demo
29 error There is likely additional logging output above.
30 verbose exit [ 1, true ]
